<?xml version="1.0" encoding="UTF-8"?>
<testExecutions version="1">
  <file path="G:\programacion\proyecto-react\src\components\Footer.test.js">
  </file>
  <file path="G:\programacion\proyecto-react\src\pages\marketing\Marketing.test.js">
  </file>
  <file path="G:\programacion\proyecto-react\src\pages\seguros\Seguros.test.tsx">
  </file>
  <file path="G:\programacion\proyecto-react\src\pages\juridicos\ServiciosJuridicos.test.tsx">
  </file>
  <file path="G:\programacion\proyecto-react\src\pages\constructora\Construtora.test.tsx">
  </file>
  <file path="G:\programacion\proyecto-react\src\pages\fondo\FondoAsociados.test.tsx">
  </file>
  <file path="G:\programacion\proyecto-react\src\pages\turismo\Turismo.test.tsx">
    <testCase name="Turismo Component debería renderizar el título principal &quot;Operador Turístico&quot;" duration="303"/>
    <testCase name="Turismo Component debería renderizar las 3 imágenes de turismo" duration="52">
      <failure message="TestingLibraryElementError: Unable to find an element with the alt text: Hoteles"><![CDATA[TestingLibraryElementError: Unable to find an element with the alt text: Hoteles

Ignored nodes: comments, script, style
<body>
  <div>
    <div
      class="turismo-page"
    >
      <div
        class="turismo-left"
      >
        <h1>
          Operador Turístico
        </h1>
        <h2>
          Servitrasporte S.A.S
        </h2>
      </div>
      <div
        class="turismo-right"
      >
        <p
          class="imagenes-turismo"
        >
          <img
            alt="Turismo"
            class="turismo-img"
            src="turismo1-mock-url"
          />
          <img
            alt="Turismo"
            class="turismo-img"
            src="turismo2-mock-url"
          />
          <img
            alt="Turismo"
            class="turismo-img"
            src="turismo3-mock-url"
          />
        </p>
        <div
          class="section"
        >
          <p>
            El 
            <strong>
              Operador Turístico
            </strong>
             Servitrasporte desempeña un papel clave en el desarrollo del segundo módulo de la herramienta tecnológica 
            <span
              class="texto-rojo"
            >
              SUMYT
            </span>
            , a través de la cual se generarán acuerdos comerciales con toda la cadena de valor del sector turismo: hoteles, moteles, restaurantes, bares, guías turísticos, agencias de viajes y operadores turísticos. Estos acuerdos garantizarán ganancias equitativas para todos los involucrados, evitando las prácticas de imposición de precios que actualmente afectan al sector.
          </p>
          <p>
            En la actualidad, el operador turístico cuenta con
             
            <strong>
              260 afiliados a INHOTELCOL
            </strong>
            , la asociación de hoteleros y moteles de Colombia, con una fuerte presencia en Bogotá, la región amazónica y el Quindío, regiones con alto potencial turístico. El módulo de la plataforma permitirá a los usuarios reservar, pagar y participar en una amplia gama de ofertas turísticas, con un especial énfasis en el turismo de salud, tanto a nivel nacional como internacional.
          </p>
          <br />
          <p>
            <strong>
              Desarrollo y Requisitos en Tecnología
            </strong>
          </p>
          <br />
          <p>
            Este operador turístico es de base tecnológica, permitiendo la captación de asociados a través de estrategias de onboarding digital. Los servicios turísticos serán gestionados desde plataformas independientes, lo que permitirá una mayor eficiencia y accesibilidad para los usuarios y operadores.
          </p>
        </div>
      </div>
      <img
        alt="Logo Derecho"
        class="turismo-logo"
        src="grupo-mock-url"
      />
    </div>
  </div>
</body>
    at Object.getElementError (G:\programacion\proyecto-react\node_modules\@testing-library\dom\dist\config.js:37:19)
    at G:\programacion\proyecto-react\node_modules\@testing-library\dom\dist\query-helpers.js:76:38
    at G:\programacion\proyecto-react\node_modules\@testing-library\dom\dist\query-helpers.js:52:17
    at G:\programacion\proyecto-react\node_modules\@testing-library\dom\dist\query-helpers.js:95:19
    at Object.<anonymous> (G:\programacion\proyecto-react\src\pages\turismo\Turismo.test.tsx:29:19)
    at Promise.then.completed (G:\programacion\proyecto-react\node_modules\jest-circus\build\utils.js:298:28)
    at new Promise (<anonymous>)
    at callAsyncCircusFn (G:\programacion\proyecto-react\node_modules\jest-circus\build\utils.js:231:10)
    at _callCircusTest (G:\programacion\proyecto-react\node_modules\jest-circus\build\run.js:316:40)
    at processTicksAndRejections (node:internal/process/task_queues:105:5)
    at _runTest (G:\programacion\proyecto-react\node_modules\jest-circus\build\run.js:252:3)
    at _runTestsForDescribeBlock (G:\programacion\proyecto-react\node_modules\jest-circus\build\run.js:126:9)
    at _runTestsForDescribeBlock (G:\programacion\proyecto-react\node_modules\jest-circus\build\run.js:121:9)
    at run (G:\programacion\proyecto-react\node_modules\jest-circus\build\run.js:71:3)
    at runAndTransformResultsToJestFormat (G:\programacion\proyecto-react\node_modules\jest-circus\build\legacy-code-todo-rewrite\jestAdapterInit.js:122:21)
    at jestAdapter (G:\programacion\proyecto-react\node_modules\jest-circus\build\legacy-code-todo-rewrite\jestAdapter.js:79:19)
    at runTestInternal (G:\programacion\proyecto-react\node_modules\jest-runner\build\runTest.js:367:16)
    at runTest (G:\programacion\proyecto-react\node_modules\jest-runner\build\runTest.js:444:34)
    at Object.worker (G:\programacion\proyecto-react\node_modules\jest-runner\build\testWorker.js:106:12)]]></failure>
    </testCase>
    <testCase name="Turismo Component debería tener los src correctos en las imágenes" duration="9">
      <failure message="TestingLibraryElementError: Unable to find an element with the alt text: Hoteles"><![CDATA[TestingLibraryElementError: Unable to find an element with the alt text: Hoteles

Ignored nodes: comments, script, style
<body>
  <div>
    <div
      class="turismo-page"
    >
      <div
        class="turismo-left"
      >
        <h1>
          Operador Turístico
        </h1>
        <h2>
          Servitrasporte S.A.S
        </h2>
      </div>
      <div
        class="turismo-right"
      >
        <p
          class="imagenes-turismo"
        >
          <img
            alt="Turismo"
            class="turismo-img"
            src="turismo1-mock-url"
          />
          <img
            alt="Turismo"
            class="turismo-img"
            src="turismo2-mock-url"
          />
          <img
            alt="Turismo"
            class="turismo-img"
            src="turismo3-mock-url"
          />
        </p>
        <div
          class="section"
        >
          <p>
            El 
            <strong>
              Operador Turístico
            </strong>
             Servitrasporte desempeña un papel clave en el desarrollo del segundo módulo de la herramienta tecnológica 
            <span
              class="texto-rojo"
            >
              SUMYT
            </span>
            , a través de la cual se generarán acuerdos comerciales con toda la cadena de valor del sector turismo: hoteles, moteles, restaurantes, bares, guías turísticos, agencias de viajes y operadores turísticos. Estos acuerdos garantizarán ganancias equitativas para todos los involucrados, evitando las prácticas de imposición de precios que actualmente afectan al sector.
          </p>
          <p>
            En la actualidad, el operador turístico cuenta con
             
            <strong>
              260 afiliados a INHOTELCOL
            </strong>
            , la asociación de hoteleros y moteles de Colombia, con una fuerte presencia en Bogotá, la región amazónica y el Quindío, regiones con alto potencial turístico. El módulo de la plataforma permitirá a los usuarios reservar, pagar y participar en una amplia gama de ofertas turísticas, con un especial énfasis en el turismo de salud, tanto a nivel nacional como internacional.
          </p>
          <br />
          <p>
            <strong>
              Desarrollo y Requisitos en Tecnología
            </strong>
          </p>
          <br />
          <p>
            Este operador turístico es de base tecnológica, permitiendo la captación de asociados a través de estrategias de onboarding digital. Los servicios turísticos serán gestionados desde plataformas independientes, lo que permitirá una mayor eficiencia y accesibilidad para los usuarios y operadores.
          </p>
        </div>
      </div>
      <img
        alt="Logo Derecho"
        class="turismo-logo"
        src="grupo-mock-url"
      />
    </div>
  </div>
</body>
    at Object.getElementError (G:\programacion\proyecto-react\node_modules\@testing-library\dom\dist\config.js:37:19)
    at G:\programacion\proyecto-react\node_modules\@testing-library\dom\dist\query-helpers.js:76:38
    at G:\programacion\proyecto-react\node_modules\@testing-library\dom\dist\query-helpers.js:52:17
    at G:\programacion\proyecto-react\node_modules\@testing-library\dom\dist\query-helpers.js:95:19
    at Object.<anonymous> (G:\programacion\proyecto-react\src\pages\turismo\Turismo.test.tsx:38:19)
    at Promise.then.completed (G:\programacion\proyecto-react\node_modules\jest-circus\build\utils.js:298:28)
    at new Promise (<anonymous>)
    at callAsyncCircusFn (G:\programacion\proyecto-react\node_modules\jest-circus\build\utils.js:231:10)
    at _callCircusTest (G:\programacion\proyecto-react\node_modules\jest-circus\build\run.js:316:40)
    at processTicksAndRejections (node:internal/process/task_queues:105:5)
    at _runTest (G:\programacion\proyecto-react\node_modules\jest-circus\build\run.js:252:3)
    at _runTestsForDescribeBlock (G:\programacion\proyecto-react\node_modules\jest-circus\build\run.js:126:9)
    at _runTestsForDescribeBlock (G:\programacion\proyecto-react\node_modules\jest-circus\build\run.js:121:9)
    at run (G:\programacion\proyecto-react\node_modules\jest-circus\build\run.js:71:3)
    at runAndTransformResultsToJestFormat (G:\programacion\proyecto-react\node_modules\jest-circus\build\legacy-code-todo-rewrite\jestAdapterInit.js:122:21)
    at jestAdapter (G:\programacion\proyecto-react\node_modules\jest-circus\build\legacy-code-todo-rewrite\jestAdapter.js:79:19)
    at runTestInternal (G:\programacion\proyecto-react\node_modules\jest-runner\build\runTest.js:367:16)
    at runTest (G:\programacion\proyecto-react\node_modules\jest-runner\build\runTest.js:444:34)
    at Object.worker (G:\programacion\proyecto-react\node_modules\jest-runner\build\testWorker.js:106:12)]]></failure>
    </testCase>
    <testCase name="Turismo Component debería renderizar los títulos de los items" duration="9">
      <failure message="TestingLibraryElementError: Unable to find an element with the text: Alianzas Estratégicas. This could be because the text is broken up by multiple elements. In this case, you can provide a function for your text matcher to make your matcher more flexible."><![CDATA[TestingLibraryElementError: Unable to find an element with the text: Alianzas Estratégicas. This could be because the text is broken up by multiple elements. In this case, you can provide a function for your text matcher to make your matcher more flexible.

Ignored nodes: comments, script, style
<body>
  <div>
    <div
      class="turismo-page"
    >
      <div
        class="turismo-left"
      >
        <h1>
          Operador Turístico
        </h1>
        <h2>
          Servitrasporte S.A.S
        </h2>
      </div>
      <div
        class="turismo-right"
      >
        <p
          class="imagenes-turismo"
        >
          <img
            alt="Turismo"
            class="turismo-img"
            src="turismo1-mock-url"
          />
          <img
            alt="Turismo"
            class="turismo-img"
            src="turismo2-mock-url"
          />
          <img
            alt="Turismo"
            class="turismo-img"
            src="turismo3-mock-url"
          />
        </p>
        <div
          class="section"
        >
          <p>
            El 
            <strong>
              Operador Turístico
            </strong>
             Servitrasporte desempeña un papel clave en el desarrollo del segundo módulo de la herramienta tecnológica 
            <span
              class="texto-rojo"
            >
              SUMYT
            </span>
            , a través de la cual se generarán acuerdos comerciales con toda la cadena de valor del sector turismo: hoteles, moteles, restaurantes, bares, guías turísticos, agencias de viajes y operadores turísticos. Estos acuerdos garantizarán ganancias equitativas para todos los involucrados, evitando las prácticas de imposición de precios que actualmente afectan al sector.
          </p>
          <p>
            En la actualidad, el operador turístico cuenta con
             
            <strong>
              260 afiliados a INHOTELCOL
            </strong>
            , la asociación de hoteleros y moteles de Colombia, con una fuerte presencia en Bogotá, la región amazónica y el Quindío, regiones con alto potencial turístico. El módulo de la plataforma permitirá a los usuarios reservar, pagar y participar en una amplia gama de ofertas turísticas, con un especial énfasis en el turismo de salud, tanto a nivel nacional como internacional.
          </p>
          <br />
          <p>
            <strong>
              Desarrollo y Requisitos en Tecnología
            </strong>
          </p>
          <br />
          <p>
            Este operador turístico es de base tecnológica, permitiendo la captación de asociados a través de estrategias de onboarding digital. Los servicios turísticos serán gestionados desde plataformas independientes, lo que permitirá una mayor eficiencia y accesibilidad para los usuarios y operadores.
          </p>
        </div>
      </div>
      <img
        alt="Logo Derecho"
        class="turismo-logo"
        src="grupo-mock-url"
      />
    </div>
  </div>
</body>
    at Object.getElementError (G:\programacion\proyecto-react\node_modules\@testing-library\dom\dist\config.js:37:19)
    at G:\programacion\proyecto-react\node_modules\@testing-library\dom\dist\query-helpers.js:76:38
    at G:\programacion\proyecto-react\node_modules\@testing-library\dom\dist\query-helpers.js:52:17
    at G:\programacion\proyecto-react\node_modules\@testing-library\dom\dist\query-helpers.js:95:19
    at Object.<anonymous> (G:\programacion\proyecto-react\src\pages\turismo\Turismo.test.tsx:47:19)
    at Promise.then.completed (G:\programacion\proyecto-react\node_modules\jest-circus\build\utils.js:298:28)
    at new Promise (<anonymous>)
    at callAsyncCircusFn (G:\programacion\proyecto-react\node_modules\jest-circus\build\utils.js:231:10)
    at _callCircusTest (G:\programacion\proyecto-react\node_modules\jest-circus\build\run.js:316:40)
    at processTicksAndRejections (node:internal/process/task_queues:105:5)
    at _runTest (G:\programacion\proyecto-react\node_modules\jest-circus\build\run.js:252:3)
    at _runTestsForDescribeBlock (G:\programacion\proyecto-react\node_modules\jest-circus\build\run.js:126:9)
    at _runTestsForDescribeBlock (G:\programacion\proyecto-react\node_modules\jest-circus\build\run.js:121:9)
    at run (G:\programacion\proyecto-react\node_modules\jest-circus\build\run.js:71:3)
    at runAndTransformResultsToJestFormat (G:\programacion\proyecto-react\node_modules\jest-circus\build\legacy-code-todo-rewrite\jestAdapterInit.js:122:21)
    at jestAdapter (G:\programacion\proyecto-react\node_modules\jest-circus\build\legacy-code-todo-rewrite\jestAdapter.js:79:19)
    at runTestInternal (G:\programacion\proyecto-react\node_modules\jest-runner\build\runTest.js:367:16)
    at runTest (G:\programacion\proyecto-react\node_modules\jest-runner\build\runTest.js:444:34)
    at Object.worker (G:\programacion\proyecto-react\node_modules\jest-runner\build\testWorker.js:106:12)]]></failure>
    </testCase>
    <testCase name="Turismo Component debería renderizar la descripción de alianzas estratégicas" duration="8">
      <failure message="TestingLibraryElementError: Unable to find an element with the text: Convenios con hoteles, moteles, restaurantes y otros servicios turísticos. This could be because the text is broken up by multiple elements. In this case, you can provide a function for your text matcher to make your matcher more flexible."><![CDATA[TestingLibraryElementError: Unable to find an element with the text: Convenios con hoteles, moteles, restaurantes y otros servicios turísticos. This could be because the text is broken up by multiple elements. In this case, you can provide a function for your text matcher to make your matcher more flexible.

Ignored nodes: comments, script, style
<body>
  <div>
    <div
      class="turismo-page"
    >
      <div
        class="turismo-left"
      >
        <h1>
          Operador Turístico
        </h1>
        <h2>
          Servitrasporte S.A.S
        </h2>
      </div>
      <div
        class="turismo-right"
      >
        <p
          class="imagenes-turismo"
        >
          <img
            alt="Turismo"
            class="turismo-img"
            src="turismo1-mock-url"
          />
          <img
            alt="Turismo"
            class="turismo-img"
            src="turismo2-mock-url"
          />
          <img
            alt="Turismo"
            class="turismo-img"
            src="turismo3-mock-url"
          />
        </p>
        <div
          class="section"
        >
          <p>
            El 
            <strong>
              Operador Turístico
            </strong>
             Servitrasporte desempeña un papel clave en el desarrollo del segundo módulo de la herramienta tecnológica 
            <span
              class="texto-rojo"
            >
              SUMYT
            </span>
            , a través de la cual se generarán acuerdos comerciales con toda la cadena de valor del sector turismo: hoteles, moteles, restaurantes, bares, guías turísticos, agencias de viajes y operadores turísticos. Estos acuerdos garantizarán ganancias equitativas para todos los involucrados, evitando las prácticas de imposición de precios que actualmente afectan al sector.
          </p>
          <p>
            En la actualidad, el operador turístico cuenta con
             
            <strong>
              260 afiliados a INHOTELCOL
            </strong>
            , la asociación de hoteleros y moteles de Colombia, con una fuerte presencia en Bogotá, la región amazónica y el Quindío, regiones con alto potencial turístico. El módulo de la plataforma permitirá a los usuarios reservar, pagar y participar en una amplia gama de ofertas turísticas, con un especial énfasis en el turismo de salud, tanto a nivel nacional como internacional.
          </p>
          <br />
          <p>
            <strong>
              Desarrollo y Requisitos en Tecnología
            </strong>
          </p>
          <br />
          <p>
            Este operador turístico es de base tecnológica, permitiendo la captación de asociados a través de estrategias de onboarding digital. Los servicios turísticos serán gestionados desde plataformas independientes, lo que permitirá una mayor eficiencia y accesibilidad para los usuarios y operadores.
          </p>
        </div>
      </div>
      <img
        alt="Logo Derecho"
        class="turismo-logo"
        src="grupo-mock-url"
      />
    </div>
  </div>
</body>
    at Object.getElementError (G:\programacion\proyecto-react\node_modules\@testing-library\dom\dist\config.js:37:19)
    at G:\programacion\proyecto-react\node_modules\@testing-library\dom\dist\query-helpers.js:76:38
    at G:\programacion\proyecto-react\node_modules\@testing-library\dom\dist\query-helpers.js:52:17
    at G:\programacion\proyecto-react\node_modules\@testing-library\dom\dist\query-helpers.js:95:19
    at Object.<anonymous> (G:\programacion\proyecto-react\src\pages\turismo\Turismo.test.tsx:54:19)
    at Promise.then.completed (G:\programacion\proyecto-react\node_modules\jest-circus\build\utils.js:298:28)
    at new Promise (<anonymous>)
    at callAsyncCircusFn (G:\programacion\proyecto-react\node_modules\jest-circus\build\utils.js:231:10)
    at _callCircusTest (G:\programacion\proyecto-react\node_modules\jest-circus\build\run.js:316:40)
    at processTicksAndRejections (node:internal/process/task_queues:105:5)
    at _runTest (G:\programacion\proyecto-react\node_modules\jest-circus\build\run.js:252:3)
    at _runTestsForDescribeBlock (G:\programacion\proyecto-react\node_modules\jest-circus\build\run.js:126:9)
    at _runTestsForDescribeBlock (G:\programacion\proyecto-react\node_modules\jest-circus\build\run.js:121:9)
    at run (G:\programacion\proyecto-react\node_modules\jest-circus\build\run.js:71:3)
    at runAndTransformResultsToJestFormat (G:\programacion\proyecto-react\node_modules\jest-circus\build\legacy-code-todo-rewrite\jestAdapterInit.js:122:21)
    at jestAdapter (G:\programacion\proyecto-react\node_modules\jest-circus\build\legacy-code-todo-rewrite\jestAdapter.js:79:19)
    at runTestInternal (G:\programacion\proyecto-react\node_modules\jest-runner\build\runTest.js:367:16)
    at runTest (G:\programacion\proyecto-react\node_modules\jest-runner\build\runTest.js:444:34)
    at Object.worker (G:\programacion\proyecto-react\node_modules\jest-runner\build\testWorker.js:106:12)]]></failure>
    </testCase>
    <testCase name="Turismo Component debería renderizar la lista de enfoques turísticos" duration="38">
      <failure message="TestingLibraryElementError: Unable to find an element with the text: Turismo nacional e internacional.. This could be because the text is broken up by multiple elements. In this case, you can provide a function for your text matcher to make your matcher more flexible."><![CDATA[TestingLibraryElementError: Unable to find an element with the text: Turismo nacional e internacional.. This could be because the text is broken up by multiple elements. In this case, you can provide a function for your text matcher to make your matcher more flexible.

Ignored nodes: comments, script, style
<body>
  <div>
    <div
      class="turismo-page"
    >
      <div
        class="turismo-left"
      >
        <h1>
          Operador Turístico
        </h1>
        <h2>
          Servitrasporte S.A.S
        </h2>
      </div>
      <div
        class="turismo-right"
      >
        <p
          class="imagenes-turismo"
        >
          <img
            alt="Turismo"
            class="turismo-img"
            src="turismo1-mock-url"
          />
          <img
            alt="Turismo"
            class="turismo-img"
            src="turismo2-mock-url"
          />
          <img
            alt="Turismo"
            class="turismo-img"
            src="turismo3-mock-url"
          />
        </p>
        <div
          class="section"
        >
          <p>
            El 
            <strong>
              Operador Turístico
            </strong>
             Servitrasporte desempeña un papel clave en el desarrollo del segundo módulo de la herramienta tecnológica 
            <span
              class="texto-rojo"
            >
              SUMYT
            </span>
            , a través de la cual se generarán acuerdos comerciales con toda la cadena de valor del sector turismo: hoteles, moteles, restaurantes, bares, guías turísticos, agencias de viajes y operadores turísticos. Estos acuerdos garantizarán ganancias equitativas para todos los involucrados, evitando las prácticas de imposición de precios que actualmente afectan al sector.
          </p>
          <p>
            En la actualidad, el operador turístico cuenta con
             
            <strong>
              260 afiliados a INHOTELCOL
            </strong>
            , la asociación de hoteleros y moteles de Colombia, con una fuerte presencia en Bogotá, la región amazónica y el Quindío, regiones con alto potencial turístico. El módulo de la plataforma permitirá a los usuarios reservar, pagar y participar en una amplia gama de ofertas turísticas, con un especial énfasis en el turismo de salud, tanto a nivel nacional como internacional.
          </p>
          <br />
          <p>
            <strong>
              Desarrollo y Requisitos en Tecnología
            </strong>
          </p>
          <br />
          <p>
            Este operador turístico es de base tecnológica, permitiendo la captación de asociados a través de estrategias de onboarding digital. Los servicios turísticos serán gestionados desde plataformas independientes, lo que permitirá una mayor eficiencia y accesibilidad para los usuarios y operadores.
          </p>
        </div>
      </div>
      <img
        alt="Logo Derecho"
        class="turismo-logo"
        src="grupo-mock-url"
      />
    </div>
  </div>
</body>
    at Object.getElementError (G:\programacion\proyecto-react\node_modules\@testing-library\dom\dist\config.js:37:19)
    at G:\programacion\proyecto-react\node_modules\@testing-library\dom\dist\query-helpers.js:76:38
    at G:\programacion\proyecto-react\node_modules\@testing-library\dom\dist\query-helpers.js:52:17
    at G:\programacion\proyecto-react\node_modules\@testing-library\dom\dist\query-helpers.js:95:19
    at Object.<anonymous> (G:\programacion\proyecto-react\src\pages\turismo\Turismo.test.tsx:60:19)
    at Promise.then.completed (G:\programacion\proyecto-react\node_modules\jest-circus\build\utils.js:298:28)
    at new Promise (<anonymous>)
    at callAsyncCircusFn (G:\programacion\proyecto-react\node_modules\jest-circus\build\utils.js:231:10)
    at _callCircusTest (G:\programacion\proyecto-react\node_modules\jest-circus\build\run.js:316:40)
    at processTicksAndRejections (node:internal/process/task_queues:105:5)
    at _runTest (G:\programacion\proyecto-react\node_modules\jest-circus\build\run.js:252:3)
    at _runTestsForDescribeBlock (G:\programacion\proyecto-react\node_modules\jest-circus\build\run.js:126:9)
    at _runTestsForDescribeBlock (G:\programacion\proyecto-react\node_modules\jest-circus\build\run.js:121:9)
    at run (G:\programacion\proyecto-react\node_modules\jest-circus\build\run.js:71:3)
    at runAndTransformResultsToJestFormat (G:\programacion\proyecto-react\node_modules\jest-circus\build\legacy-code-todo-rewrite\jestAdapterInit.js:122:21)
    at jestAdapter (G:\programacion\proyecto-react\node_modules\jest-circus\build\legacy-code-todo-rewrite\jestAdapter.js:79:19)
    at runTestInternal (G:\programacion\proyecto-react\node_modules\jest-runner\build\runTest.js:367:16)
    at runTest (G:\programacion\proyecto-react\node_modules\jest-runner\build\runTest.js:444:34)
    at Object.worker (G:\programacion\proyecto-react\node_modules\jest-runner\build\testWorker.js:106:12)]]></failure>
    </testCase>
    <testCase name="Turismo Component debería renderizar la información de afiliados" duration="6">
      <failure message="TestingLibraryElementError: Unable to find an element with the text: 260 asociados a INHOTELCOL, fortaleciendo nuestra red de servicios turísticos. This could be because the text is broken up by multiple elements. In this case, you can provide a function for your text matcher to make your matcher more flexible."><![CDATA[TestingLibraryElementError: Unable to find an element with the text: 260 asociados a INHOTELCOL, fortaleciendo nuestra red de servicios turísticos. This could be because the text is broken up by multiple elements. In this case, you can provide a function for your text matcher to make your matcher more flexible.

Ignored nodes: comments, script, style
<body>
  <div>
    <div
      class="turismo-page"
    >
      <div
        class="turismo-left"
      >
        <h1>
          Operador Turístico
        </h1>
        <h2>
          Servitrasporte S.A.S
        </h2>
      </div>
      <div
        class="turismo-right"
      >
        <p
          class="imagenes-turismo"
        >
          <img
            alt="Turismo"
            class="turismo-img"
            src="turismo1-mock-url"
          />
          <img
            alt="Turismo"
            class="turismo-img"
            src="turismo2-mock-url"
          />
          <img
            alt="Turismo"
            class="turismo-img"
            src="turismo3-mock-url"
          />
        </p>
        <div
          class="section"
        >
          <p>
            El 
            <strong>
              Operador Turístico
            </strong>
             Servitrasporte desempeña un papel clave en el desarrollo del segundo módulo de la herramienta tecnológica 
            <span
              class="texto-rojo"
            >
              SUMYT
            </span>
            , a través de la cual se generarán acuerdos comerciales con toda la cadena de valor del sector turismo: hoteles, moteles, restaurantes, bares, guías turísticos, agencias de viajes y operadores turísticos. Estos acuerdos garantizarán ganancias equitativas para todos los involucrados, evitando las prácticas de imposición de precios que actualmente afectan al sector.
          </p>
          <p>
            En la actualidad, el operador turístico cuenta con
             
            <strong>
              260 afiliados a INHOTELCOL
            </strong>
            , la asociación de hoteleros y moteles de Colombia, con una fuerte presencia en Bogotá, la región amazónica y el Quindío, regiones con alto potencial turístico. El módulo de la plataforma permitirá a los usuarios reservar, pagar y participar en una amplia gama de ofertas turísticas, con un especial énfasis en el turismo de salud, tanto a nivel nacional como internacional.
          </p>
          <br />
          <p>
            <strong>
              Desarrollo y Requisitos en Tecnología
            </strong>
          </p>
          <br />
          <p>
            Este operador turístico es de base tecnológica, permitiendo la captación de asociados a través de estrategias de onboarding digital. Los servicios turísticos serán gestionados desde plataformas independientes, lo que permitirá una mayor eficiencia y accesibilidad para los usuarios y operadores.
          </p>
        </div>
      </div>
      <img
        alt="Logo Derecho"
        class="turismo-logo"
        src="grupo-mock-url"
      />
    </div>
  </div>
</body>
    at Object.getElementError (G:\programacion\proyecto-react\node_modules\@testing-library\dom\dist\config.js:37:19)
    at G:\programacion\proyecto-react\node_modules\@testing-library\dom\dist\query-helpers.js:76:38
    at G:\programacion\proyecto-react\node_modules\@testing-library\dom\dist\query-helpers.js:52:17
    at G:\programacion\proyecto-react\node_modules\@testing-library\dom\dist\query-helpers.js:95:19
    at Object.<anonymous> (G:\programacion\proyecto-react\src\pages\turismo\Turismo.test.tsx:70:19)
    at Promise.then.completed (G:\programacion\proyecto-react\node_modules\jest-circus\build\utils.js:298:28)
    at new Promise (<anonymous>)
    at callAsyncCircusFn (G:\programacion\proyecto-react\node_modules\jest-circus\build\utils.js:231:10)
    at _callCircusTest (G:\programacion\proyecto-react\node_modules\jest-circus\build\run.js:316:40)
    at processTicksAndRejections (node:internal/process/task_queues:105:5)
    at _runTest (G:\programacion\proyecto-react\node_modules\jest-circus\build\run.js:252:3)
    at _runTestsForDescribeBlock (G:\programacion\proyecto-react\node_modules\jest-circus\build\run.js:126:9)
    at _runTestsForDescribeBlock (G:\programacion\proyecto-react\node_modules\jest-circus\build\run.js:121:9)
    at run (G:\programacion\proyecto-react\node_modules\jest-circus\build\run.js:71:3)
    at runAndTransformResultsToJestFormat (G:\programacion\proyecto-react\node_modules\jest-circus\build\legacy-code-todo-rewrite\jestAdapterInit.js:122:21)
    at jestAdapter (G:\programacion\proyecto-react\node_modules\jest-circus\build\legacy-code-todo-rewrite\jestAdapter.js:79:19)
    at runTestInternal (G:\programacion\proyecto-react\node_modules\jest-runner\build\runTest.js:367:16)
    at runTest (G:\programacion\proyecto-react\node_modules\jest-runner\build\runTest.js:444:34)
    at Object.worker (G:\programacion\proyecto-react\node_modules\jest-runner\build\testWorker.js:106:12)]]></failure>
    </testCase>
    <testCase name="Turismo Component debería renderizar el logo del grupo con el ancho correcto" duration="6">
      <failure message="TestingLibraryElementError: Unable to find an element with the alt text: Logo Grupo Servitransporte"><![CDATA[TestingLibraryElementError: Unable to find an element with the alt text: Logo Grupo Servitransporte

Ignored nodes: comments, script, style
<body>
  <div>
    <div
      class="turismo-page"
    >
      <div
        class="turismo-left"
      >
        <h1>
          Operador Turístico
        </h1>
        <h2>
          Servitrasporte S.A.S
        </h2>
      </div>
      <div
        class="turismo-right"
      >
        <p
          class="imagenes-turismo"
        >
          <img
            alt="Turismo"
            class="turismo-img"
            src="turismo1-mock-url"
          />
          <img
            alt="Turismo"
            class="turismo-img"
            src="turismo2-mock-url"
          />
          <img
            alt="Turismo"
            class="turismo-img"
            src="turismo3-mock-url"
          />
        </p>
        <div
          class="section"
        >
          <p>
            El 
            <strong>
              Operador Turístico
            </strong>
             Servitrasporte desempeña un papel clave en el desarrollo del segundo módulo de la herramienta tecnológica 
            <span
              class="texto-rojo"
            >
              SUMYT
            </span>
            , a través de la cual se generarán acuerdos comerciales con toda la cadena de valor del sector turismo: hoteles, moteles, restaurantes, bares, guías turísticos, agencias de viajes y operadores turísticos. Estos acuerdos garantizarán ganancias equitativas para todos los involucrados, evitando las prácticas de imposición de precios que actualmente afectan al sector.
          </p>
          <p>
            En la actualidad, el operador turístico cuenta con
             
            <strong>
              260 afiliados a INHOTELCOL
            </strong>
            , la asociación de hoteleros y moteles de Colombia, con una fuerte presencia en Bogotá, la región amazónica y el Quindío, regiones con alto potencial turístico. El módulo de la plataforma permitirá a los usuarios reservar, pagar y participar en una amplia gama de ofertas turísticas, con un especial énfasis en el turismo de salud, tanto a nivel nacional como internacional.
          </p>
          <br />
          <p>
            <strong>
              Desarrollo y Requisitos en Tecnología
            </strong>
          </p>
          <br />
          <p>
            Este operador turístico es de base tecnológica, permitiendo la captación de asociados a través de estrategias de onboarding digital. Los servicios turísticos serán gestionados desde plataformas independientes, lo que permitirá una mayor eficiencia y accesibilidad para los usuarios y operadores.
          </p>
        </div>
      </div>
      <img
        alt="Logo Derecho"
        class="turismo-logo"
        src="grupo-mock-url"
      />
    </div>
  </div>
</body>
    at Object.getElementError (G:\programacion\proyecto-react\node_modules\@testing-library\dom\dist\config.js:37:19)
    at G:\programacion\proyecto-react\node_modules\@testing-library\dom\dist\query-helpers.js:76:38
    at G:\programacion\proyecto-react\node_modules\@testing-library\dom\dist\query-helpers.js:52:17
    at G:\programacion\proyecto-react\node_modules\@testing-library\dom\dist\query-helpers.js:95:19
    at Object.<anonymous> (G:\programacion\proyecto-react\src\pages\turismo\Turismo.test.tsx:76:30)
    at Promise.then.completed (G:\programacion\proyecto-react\node_modules\jest-circus\build\utils.js:298:28)
    at new Promise (<anonymous>)
    at callAsyncCircusFn (G:\programacion\proyecto-react\node_modules\jest-circus\build\utils.js:231:10)
    at _callCircusTest (G:\programacion\proyecto-react\node_modules\jest-circus\build\run.js:316:40)
    at processTicksAndRejections (node:internal/process/task_queues:105:5)
    at _runTest (G:\programacion\proyecto-react\node_modules\jest-circus\build\run.js:252:3)
    at _runTestsForDescribeBlock (G:\programacion\proyecto-react\node_modules\jest-circus\build\run.js:126:9)
    at _runTestsForDescribeBlock (G:\programacion\proyecto-react\node_modules\jest-circus\build\run.js:121:9)
    at run (G:\programacion\proyecto-react\node_modules\jest-circus\build\run.js:71:3)
    at runAndTransformResultsToJestFormat (G:\programacion\proyecto-react\node_modules\jest-circus\build\legacy-code-todo-rewrite\jestAdapterInit.js:122:21)
    at jestAdapter (G:\programacion\proyecto-react\node_modules\jest-circus\build\legacy-code-todo-rewrite\jestAdapter.js:79:19)
    at runTestInternal (G:\programacion\proyecto-react\node_modules\jest-runner\build\runTest.js:367:16)
    at runTest (G:\programacion\proyecto-react\node_modules\jest-runner\build\runTest.js:444:34)
    at Object.worker (G:\programacion\proyecto-react\node_modules\jest-runner\build\testWorker.js:106:12)]]></failure>
    </testCase>
  </file>
  <file path="G:\programacion\proyecto-react\src\pages\marketing\Marketing.test.tsx">
    <testCase name="Marketing Component debería renderizar el título principal &quot;Agencia de Marketing y Publicidad&quot;" duration="305"/>
    <testCase name="Marketing Component debería renderizar las 3 imágenes de marketing" duration="40">
      <failure message="TestingLibraryElementError: Unable to find an element with the alt text: Estrategias Innovadoras"><![CDATA[TestingLibraryElementError: Unable to find an element with the alt text: Estrategias Innovadoras

Ignored nodes: comments, script, style
<body>
  <div>
    <div
      class="marketing-page"
    >
      <div
        class="marketing-left"
      >
        <h1>
          Agencia de Marketing y Publicidad 
        </h1>
        <h2>
          Servitrasporte S.A.S
        </h2>
      </div>
      <div
        class="marketing-right"
      >
        <p
          class="imagenes-marketing"
        >
          <img
            alt="Marketing"
            class="marketing-img"
            src="marketing1-mock-url"
          />
          <img
            alt="Marketing"
            class="marketing-img"
            src="marketing2-mock-url"
          />
          <img
            alt="Marketing"
            class="marketing-img"
            src="marketing3-mock-url"
          />
        </p>
        <div
          class="section"
        >
          <p>
            La 
            <strong>
              Agencia de Marketing y Publicidad Servitrasporte
            </strong>
             
            será fundamental para la estrategia comercial del grupo y las empresas que forman parte del holding. Sus actividades se alinearán con los cuatro ejes principales del grupo:
             
            <strong>
              salud, educación, vivienda y tecnología
            </strong>
            , contará con el apoyo de las universidades y el 
            <strong>
              SENA
            </strong>
             para reducir costos en el desarrollo de contenidos audiovisuales.
          </p>
          <p>
            La agencia implementará estrategias de
             
            <strong>
              neuromarketing
            </strong>
             y comunicación asertiva, aprovechando el 
            <strong>
              cerebro emocional
            </strong>
             en la toma de decisiones de compra. Contar historias visuales será una herramienta clave para comunicar más rápidamente que solo texto, con uniformidad en los colores y diseño de los productos y servicios del grupo, generando una percepción positiva entre los consumidores y operadores.
          </p>
          <br />
          <p>
            <strong>
              Desarrollo y Requisitos en Tecnología
            </strong>
          </p>
          <br />
          <p>
            La agencia de marketing también es de base tecnológica, implementando estrategias de onboarding digital para la captación de clientes y el desarrollo de contenidos y campañas publicitarias en línea. Esto permitirá optimizar la comercialización de los productos y servicios del grupo a través de plataformas digitales 
            <span
              class="texto-rojo"
            >
              SUMYT
            </span>
            .
          </p>
        </div>
      </div>
      <img
        alt="Logo Derecho"
        class="marketing-logo"
        src="grupo-mock-url"
      />
    </div>
  </div>
</body>
    at Object.getElementError (G:\programacion\proyecto-react\node_modules\@testing-library\dom\dist\config.js:37:19)
    at G:\programacion\proyecto-react\node_modules\@testing-library\dom\dist\query-helpers.js:76:38
    at G:\programacion\proyecto-react\node_modules\@testing-library\dom\dist\query-helpers.js:52:17
    at G:\programacion\proyecto-react\node_modules\@testing-library\dom\dist\query-helpers.js:95:19
    at Object.<anonymous> (G:\programacion\proyecto-react\src\pages\marketing\Marketing.test.tsx:30:19)
    at Promise.then.completed (G:\programacion\proyecto-react\node_modules\jest-circus\build\utils.js:298:28)
    at new Promise (<anonymous>)
    at callAsyncCircusFn (G:\programacion\proyecto-react\node_modules\jest-circus\build\utils.js:231:10)
    at _callCircusTest (G:\programacion\proyecto-react\node_modules\jest-circus\build\run.js:316:40)
    at processTicksAndRejections (node:internal/process/task_queues:105:5)
    at _runTest (G:\programacion\proyecto-react\node_modules\jest-circus\build\run.js:252:3)
    at _runTestsForDescribeBlock (G:\programacion\proyecto-react\node_modules\jest-circus\build\run.js:126:9)
    at _runTestsForDescribeBlock (G:\programacion\proyecto-react\node_modules\jest-circus\build\run.js:121:9)
    at run (G:\programacion\proyecto-react\node_modules\jest-circus\build\run.js:71:3)
    at runAndTransformResultsToJestFormat (G:\programacion\proyecto-react\node_modules\jest-circus\build\legacy-code-todo-rewrite\jestAdapterInit.js:122:21)
    at jestAdapter (G:\programacion\proyecto-react\node_modules\jest-circus\build\legacy-code-todo-rewrite\jestAdapter.js:79:19)
    at runTestInternal (G:\programacion\proyecto-react\node_modules\jest-runner\build\runTest.js:367:16)
    at runTest (G:\programacion\proyecto-react\node_modules\jest-runner\build\runTest.js:444:34)
    at Object.worker (G:\programacion\proyecto-react\node_modules\jest-runner\build\testWorker.js:106:12)]]></failure>
    </testCase>
    <testCase name="Marketing Component debería tener los src correctos en las imágenes" duration="11">
      <failure message="TestingLibraryElementError: Unable to find an element with the alt text: Estrategias Innovadoras"><![CDATA[TestingLibraryElementError: Unable to find an element with the alt text: Estrategias Innovadoras

Ignored nodes: comments, script, style
<body>
  <div>
    <div
      class="marketing-page"
    >
      <div
        class="marketing-left"
      >
        <h1>
          Agencia de Marketing y Publicidad 
        </h1>
        <h2>
          Servitrasporte S.A.S
        </h2>
      </div>
      <div
        class="marketing-right"
      >
        <p
          class="imagenes-marketing"
        >
          <img
            alt="Marketing"
            class="marketing-img"
            src="marketing1-mock-url"
          />
          <img
            alt="Marketing"
            class="marketing-img"
            src="marketing2-mock-url"
          />
          <img
            alt="Marketing"
            class="marketing-img"
            src="marketing3-mock-url"
          />
        </p>
        <div
          class="section"
        >
          <p>
            La 
            <strong>
              Agencia de Marketing y Publicidad Servitrasporte
            </strong>
             
            será fundamental para la estrategia comercial del grupo y las empresas que forman parte del holding. Sus actividades se alinearán con los cuatro ejes principales del grupo:
             
            <strong>
              salud, educación, vivienda y tecnología
            </strong>
            , contará con el apoyo de las universidades y el 
            <strong>
              SENA
            </strong>
             para reducir costos en el desarrollo de contenidos audiovisuales.
          </p>
          <p>
            La agencia implementará estrategias de
             
            <strong>
              neuromarketing
            </strong>
             y comunicación asertiva, aprovechando el 
            <strong>
              cerebro emocional
            </strong>
             en la toma de decisiones de compra. Contar historias visuales será una herramienta clave para comunicar más rápidamente que solo texto, con uniformidad en los colores y diseño de los productos y servicios del grupo, generando una percepción positiva entre los consumidores y operadores.
          </p>
          <br />
          <p>
            <strong>
              Desarrollo y Requisitos en Tecnología
            </strong>
          </p>
          <br />
          <p>
            La agencia de marketing también es de base tecnológica, implementando estrategias de onboarding digital para la captación de clientes y el desarrollo de contenidos y campañas publicitarias en línea. Esto permitirá optimizar la comercialización de los productos y servicios del grupo a través de plataformas digitales 
            <span
              class="texto-rojo"
            >
              SUMYT
            </span>
            .
          </p>
        </div>
      </div>
      <img
        alt="Logo Derecho"
        class="marketing-logo"
        src="grupo-mock-url"
      />
    </div>
  </div>
</body>
    at Object.getElementError (G:\programacion\proyecto-react\node_modules\@testing-library\dom\dist\config.js:37:19)
    at G:\programacion\proyecto-react\node_modules\@testing-library\dom\dist\query-helpers.js:76:38
    at G:\programacion\proyecto-react\node_modules\@testing-library\dom\dist\query-helpers.js:52:17
    at G:\programacion\proyecto-react\node_modules\@testing-library\dom\dist\query-helpers.js:95:19
    at Object.<anonymous> (G:\programacion\proyecto-react\src\pages\marketing\Marketing.test.tsx:39:19)
    at Promise.then.completed (G:\programacion\proyecto-react\node_modules\jest-circus\build\utils.js:298:28)
    at new Promise (<anonymous>)
    at callAsyncCircusFn (G:\programacion\proyecto-react\node_modules\jest-circus\build\utils.js:231:10)
    at _callCircusTest (G:\programacion\proyecto-react\node_modules\jest-circus\build\run.js:316:40)
    at processTicksAndRejections (node:internal/process/task_queues:105:5)
    at _runTest (G:\programacion\proyecto-react\node_modules\jest-circus\build\run.js:252:3)
    at _runTestsForDescribeBlock (G:\programacion\proyecto-react\node_modules\jest-circus\build\run.js:126:9)
    at _runTestsForDescribeBlock (G:\programacion\proyecto-react\node_modules\jest-circus\build\run.js:121:9)
    at run (G:\programacion\proyecto-react\node_modules\jest-circus\build\run.js:71:3)
    at runAndTransformResultsToJestFormat (G:\programacion\proyecto-react\node_modules\jest-circus\build\legacy-code-todo-rewrite\jestAdapterInit.js:122:21)
    at jestAdapter (G:\programacion\proyecto-react\node_modules\jest-circus\build\legacy-code-todo-rewrite\jestAdapter.js:79:19)
    at runTestInternal (G:\programacion\proyecto-react\node_modules\jest-runner\build\runTest.js:367:16)
    at runTest (G:\programacion\proyecto-react\node_modules\jest-runner\build\runTest.js:444:34)
    at Object.worker (G:\programacion\proyecto-react\node_modules\jest-runner\build\testWorker.js:106:12)]]></failure>
    </testCase>
    <testCase name="Marketing Component debería renderizar los títulos de los servicios de marketing" duration="9">
      <failure message="TestingLibraryElementError: Unable to find an element with the text: Estrategias Innovadoras. This could be because the text is broken up by multiple elements. In this case, you can provide a function for your text matcher to make your matcher more flexible."><![CDATA[TestingLibraryElementError: Unable to find an element with the text: Estrategias Innovadoras. This could be because the text is broken up by multiple elements. In this case, you can provide a function for your text matcher to make your matcher more flexible.

Ignored nodes: comments, script, style
<body>
  <div>
    <div
      class="marketing-page"
    >
      <div
        class="marketing-left"
      >
        <h1>
          Agencia de Marketing y Publicidad 
        </h1>
        <h2>
          Servitrasporte S.A.S
        </h2>
      </div>
      <div
        class="marketing-right"
      >
        <p
          class="imagenes-marketing"
        >
          <img
            alt="Marketing"
            class="marketing-img"
            src="marketing1-mock-url"
          />
          <img
            alt="Marketing"
            class="marketing-img"
            src="marketing2-mock-url"
          />
          <img
            alt="Marketing"
            class="marketing-img"
            src="marketing3-mock-url"
          />
        </p>
        <div
          class="section"
        >
          <p>
            La 
            <strong>
              Agencia de Marketing y Publicidad Servitrasporte
            </strong>
             
            será fundamental para la estrategia comercial del grupo y las empresas que forman parte del holding. Sus actividades se alinearán con los cuatro ejes principales del grupo:
             
            <strong>
              salud, educación, vivienda y tecnología
            </strong>
            , contará con el apoyo de las universidades y el 
            <strong>
              SENA
            </strong>
             para reducir costos en el desarrollo de contenidos audiovisuales.
          </p>
          <p>
            La agencia implementará estrategias de
             
            <strong>
              neuromarketing
            </strong>
             y comunicación asertiva, aprovechando el 
            <strong>
              cerebro emocional
            </strong>
             en la toma de decisiones de compra. Contar historias visuales será una herramienta clave para comunicar más rápidamente que solo texto, con uniformidad en los colores y diseño de los productos y servicios del grupo, generando una percepción positiva entre los consumidores y operadores.
          </p>
          <br />
          <p>
            <strong>
              Desarrollo y Requisitos en Tecnología
            </strong>
          </p>
          <br />
          <p>
            La agencia de marketing también es de base tecnológica, implementando estrategias de onboarding digital para la captación de clientes y el desarrollo de contenidos y campañas publicitarias en línea. Esto permitirá optimizar la comercialización de los productos y servicios del grupo a través de plataformas digitales 
            <span
              class="texto-rojo"
            >
              SUMYT
            </span>
            .
          </p>
        </div>
      </div>
      <img
        alt="Logo Derecho"
        class="marketing-logo"
        src="grupo-mock-url"
      />
    </div>
  </div>
</body>
    at Object.getElementError (G:\programacion\proyecto-react\node_modules\@testing-library\dom\dist\config.js:37:19)
    at G:\programacion\proyecto-react\node_modules\@testing-library\dom\dist\query-helpers.js:76:38
    at G:\programacion\proyecto-react\node_modules\@testing-library\dom\dist\query-helpers.js:52:17
    at G:\programacion\proyecto-react\node_modules\@testing-library\dom\dist\query-helpers.js:95:19
    at Object.<anonymous> (G:\programacion\proyecto-react\src\pages\marketing\Marketing.test.tsx:48:19)
    at Promise.then.completed (G:\programacion\proyecto-react\node_modules\jest-circus\build\utils.js:298:28)
    at new Promise (<anonymous>)
    at callAsyncCircusFn (G:\programacion\proyecto-react\node_modules\jest-circus\build\utils.js:231:10)
    at _callCircusTest (G:\programacion\proyecto-react\node_modules\jest-circus\build\run.js:316:40)
    at processTicksAndRejections (node:internal/process/task_queues:105:5)
    at _runTest (G:\programacion\proyecto-react\node_modules\jest-circus\build\run.js:252:3)
    at _runTestsForDescribeBlock (G:\programacion\proyecto-react\node_modules\jest-circus\build\run.js:126:9)
    at _runTestsForDescribeBlock (G:\programacion\proyecto-react\node_modules\jest-circus\build\run.js:121:9)
    at run (G:\programacion\proyecto-react\node_modules\jest-circus\build\run.js:71:3)
    at runAndTransformResultsToJestFormat (G:\programacion\proyecto-react\node_modules\jest-circus\build\legacy-code-todo-rewrite\jestAdapterInit.js:122:21)
    at jestAdapter (G:\programacion\proyecto-react\node_modules\jest-circus\build\legacy-code-todo-rewrite\jestAdapter.js:79:19)
    at runTestInternal (G:\programacion\proyecto-react\node_modules\jest-runner\build\runTest.js:367:16)
    at runTest (G:\programacion\proyecto-react\node_modules\jest-runner\build\runTest.js:444:34)
    at Object.worker (G:\programacion\proyecto-react\node_modules\jest-runner\build\testWorker.js:106:12)]]></failure>
    </testCase>
    <testCase name="Marketing Component debería renderizar la lista de estrategias innovadoras" duration="9">
      <failure message="TestingLibraryElementError: Unable to find an element with the text: Neuro marketing para entender y captar mejor a nuestra audiencia.. This could be because the text is broken up by multiple elements. In this case, you can provide a function for your text matcher to make your matcher more flexible."><![CDATA[TestingLibraryElementError: Unable to find an element with the text: Neuro marketing para entender y captar mejor a nuestra audiencia.. This could be because the text is broken up by multiple elements. In this case, you can provide a function for your text matcher to make your matcher more flexible.

Ignored nodes: comments, script, style
<body>
  <div>
    <div
      class="marketing-page"
    >
      <div
        class="marketing-left"
      >
        <h1>
          Agencia de Marketing y Publicidad 
        </h1>
        <h2>
          Servitrasporte S.A.S
        </h2>
      </div>
      <div
        class="marketing-right"
      >
        <p
          class="imagenes-marketing"
        >
          <img
            alt="Marketing"
            class="marketing-img"
            src="marketing1-mock-url"
          />
          <img
            alt="Marketing"
            class="marketing-img"
            src="marketing2-mock-url"
          />
          <img
            alt="Marketing"
            class="marketing-img"
            src="marketing3-mock-url"
          />
        </p>
        <div
          class="section"
        >
          <p>
            La 
            <strong>
              Agencia de Marketing y Publicidad Servitrasporte
            </strong>
             
            será fundamental para la estrategia comercial del grupo y las empresas que forman parte del holding. Sus actividades se alinearán con los cuatro ejes principales del grupo:
             
            <strong>
              salud, educación, vivienda y tecnología
            </strong>
            , contará con el apoyo de las universidades y el 
            <strong>
              SENA
            </strong>
             para reducir costos en el desarrollo de contenidos audiovisuales.
          </p>
          <p>
            La agencia implementará estrategias de
             
            <strong>
              neuromarketing
            </strong>
             y comunicación asertiva, aprovechando el 
            <strong>
              cerebro emocional
            </strong>
             en la toma de decisiones de compra. Contar historias visuales será una herramienta clave para comunicar más rápidamente que solo texto, con uniformidad en los colores y diseño de los productos y servicios del grupo, generando una percepción positiva entre los consumidores y operadores.
          </p>
          <br />
          <p>
            <strong>
              Desarrollo y Requisitos en Tecnología
            </strong>
          </p>
          <br />
          <p>
            La agencia de marketing también es de base tecnológica, implementando estrategias de onboarding digital para la captación de clientes y el desarrollo de contenidos y campañas publicitarias en línea. Esto permitirá optimizar la comercialización de los productos y servicios del grupo a través de plataformas digitales 
            <span
              class="texto-rojo"
            >
              SUMYT
            </span>
            .
          </p>
        </div>
      </div>
      <img
        alt="Logo Derecho"
        class="marketing-logo"
        src="grupo-mock-url"
      />
    </div>
  </div>
</body>
    at Object.getElementError (G:\programacion\proyecto-react\node_modules\@testing-library\dom\dist\config.js:37:19)
    at G:\programacion\proyecto-react\node_modules\@testing-library\dom\dist\query-helpers.js:76:38
    at G:\programacion\proyecto-react\node_modules\@testing-library\dom\dist\query-helpers.js:52:17
    at G:\programacion\proyecto-react\node_modules\@testing-library\dom\dist\query-helpers.js:95:19
    at Object.<anonymous> (G:\programacion\proyecto-react\src\pages\marketing\Marketing.test.tsx:56:19)
    at Promise.then.completed (G:\programacion\proyecto-react\node_modules\jest-circus\build\utils.js:298:28)
    at new Promise (<anonymous>)
    at callAsyncCircusFn (G:\programacion\proyecto-react\node_modules\jest-circus\build\utils.js:231:10)
    at _callCircusTest (G:\programacion\proyecto-react\node_modules\jest-circus\build\run.js:316:40)
    at processTicksAndRejections (node:internal/process/task_queues:105:5)
    at _runTest (G:\programacion\proyecto-react\node_modules\jest-circus\build\run.js:252:3)
    at _runTestsForDescribeBlock (G:\programacion\proyecto-react\node_modules\jest-circus\build\run.js:126:9)
    at _runTestsForDescribeBlock (G:\programacion\proyecto-react\node_modules\jest-circus\build\run.js:121:9)
    at run (G:\programacion\proyecto-react\node_modules\jest-circus\build\run.js:71:3)
    at runAndTransformResultsToJestFormat (G:\programacion\proyecto-react\node_modules\jest-circus\build\legacy-code-todo-rewrite\jestAdapterInit.js:122:21)
    at jestAdapter (G:\programacion\proyecto-react\node_modules\jest-circus\build\legacy-code-todo-rewrite\jestAdapter.js:79:19)
    at runTestInternal (G:\programacion\proyecto-react\node_modules\jest-runner\build\runTest.js:367:16)
    at runTest (G:\programacion\proyecto-react\node_modules\jest-runner\build\runTest.js:444:34)
    at Object.worker (G:\programacion\proyecto-react\node_modules\jest-runner\build\testWorker.js:106:12)]]></failure>
    </testCase>
    <testCase name="Marketing Component debería renderizar la descripción de colaboraciones" duration="28">
      <failure message="TestingLibraryElementError: Unable to find an element with the text: Trabajo conjunto con universidades y el SENA para el desarrollo de talento y conocimiento.. This could be because the text is broken up by multiple elements. In this case, you can provide a function for your text matcher to make your matcher more flexible."><![CDATA[TestingLibraryElementError: Unable to find an element with the text: Trabajo conjunto con universidades y el SENA para el desarrollo de talento y conocimiento.. This could be because the text is broken up by multiple elements. In this case, you can provide a function for your text matcher to make your matcher more flexible.

Ignored nodes: comments, script, style
<body>
  <div>
    <div
      class="marketing-page"
    >
      <div
        class="marketing-left"
      >
        <h1>
          Agencia de Marketing y Publicidad 
        </h1>
        <h2>
          Servitrasporte S.A.S
        </h2>
      </div>
      <div
        class="marketing-right"
      >
        <p
          class="imagenes-marketing"
        >
          <img
            alt="Marketing"
            class="marketing-img"
            src="marketing1-mock-url"
          />
          <img
            alt="Marketing"
            class="marketing-img"
            src="marketing2-mock-url"
          />
          <img
            alt="Marketing"
            class="marketing-img"
            src="marketing3-mock-url"
          />
        </p>
        <div
          class="section"
        >
          <p>
            La 
            <strong>
              Agencia de Marketing y Publicidad Servitrasporte
            </strong>
             
            será fundamental para la estrategia comercial del grupo y las empresas que forman parte del holding. Sus actividades se alinearán con los cuatro ejes principales del grupo:
             
            <strong>
              salud, educación, vivienda y tecnología
            </strong>
            , contará con el apoyo de las universidades y el 
            <strong>
              SENA
            </strong>
             para reducir costos en el desarrollo de contenidos audiovisuales.
          </p>
          <p>
            La agencia implementará estrategias de
             
            <strong>
              neuromarketing
            </strong>
             y comunicación asertiva, aprovechando el 
            <strong>
              cerebro emocional
            </strong>
             en la toma de decisiones de compra. Contar historias visuales será una herramienta clave para comunicar más rápidamente que solo texto, con uniformidad en los colores y diseño de los productos y servicios del grupo, generando una percepción positiva entre los consumidores y operadores.
          </p>
          <br />
          <p>
            <strong>
              Desarrollo y Requisitos en Tecnología
            </strong>
          </p>
          <br />
          <p>
            La agencia de marketing también es de base tecnológica, implementando estrategias de onboarding digital para la captación de clientes y el desarrollo de contenidos y campañas publicitarias en línea. Esto permitirá optimizar la comercialización de los productos y servicios del grupo a través de plataformas digitales 
            <span
              class="texto-rojo"
            >
              SUMYT
            </span>
            .
          </p>
        </div>
      </div>
      <img
        alt="Logo Derecho"
        class="marketing-logo"
        src="grupo-mock-url"
      />
    </div>
  </div>
</body>
    at Object.getElementError (G:\programacion\proyecto-react\node_modules\@testing-library\dom\dist\config.js:37:19)
    at G:\programacion\proyecto-react\node_modules\@testing-library\dom\dist\query-helpers.js:76:38
    at G:\programacion\proyecto-react\node_modules\@testing-library\dom\dist\query-helpers.js:52:17
    at G:\programacion\proyecto-react\node_modules\@testing-library\dom\dist\query-helpers.js:95:19
    at Object.<anonymous> (G:\programacion\proyecto-react\src\pages\marketing\Marketing.test.tsx:66:19)
    at Promise.then.completed (G:\programacion\proyecto-react\node_modules\jest-circus\build\utils.js:298:28)
    at new Promise (<anonymous>)
    at callAsyncCircusFn (G:\programacion\proyecto-react\node_modules\jest-circus\build\utils.js:231:10)
    at _callCircusTest (G:\programacion\proyecto-react\node_modules\jest-circus\build\run.js:316:40)
    at processTicksAndRejections (node:internal/process/task_queues:105:5)
    at _runTest (G:\programacion\proyecto-react\node_modules\jest-circus\build\run.js:252:3)
    at _runTestsForDescribeBlock (G:\programacion\proyecto-react\node_modules\jest-circus\build\run.js:126:9)
    at _runTestsForDescribeBlock (G:\programacion\proyecto-react\node_modules\jest-circus\build\run.js:121:9)
    at run (G:\programacion\proyecto-react\node_modules\jest-circus\build\run.js:71:3)
    at runAndTransformResultsToJestFormat (G:\programacion\proyecto-react\node_modules\jest-circus\build\legacy-code-todo-rewrite\jestAdapterInit.js:122:21)
    at jestAdapter (G:\programacion\proyecto-react\node_modules\jest-circus\build\legacy-code-todo-rewrite\jestAdapter.js:79:19)
    at runTestInternal (G:\programacion\proyecto-react\node_modules\jest-runner\build\runTest.js:367:16)
    at runTest (G:\programacion\proyecto-react\node_modules\jest-runner\build\runTest.js:444:34)
    at Object.worker (G:\programacion\proyecto-react\node_modules\jest-runner\build\testWorker.js:106:12)]]></failure>
    </testCase>
    <testCase name="Marketing Component debería renderizar la descripción de desarrollo de contenidos" duration="10">
      <failure message="TestingLibraryElementError: Unable to find an element with the text: Creación de contenido audiovisual de alta calidad para nuestras campañas publicitarias.. This could be because the text is broken up by multiple elements. In this case, you can provide a function for your text matcher to make your matcher more flexible."><![CDATA[TestingLibraryElementError: Unable to find an element with the text: Creación de contenido audiovisual de alta calidad para nuestras campañas publicitarias.. This could be because the text is broken up by multiple elements. In this case, you can provide a function for your text matcher to make your matcher more flexible.

Ignored nodes: comments, script, style
<body>
  <div>
    <div
      class="marketing-page"
    >
      <div
        class="marketing-left"
      >
        <h1>
          Agencia de Marketing y Publicidad 
        </h1>
        <h2>
          Servitrasporte S.A.S
        </h2>
      </div>
      <div
        class="marketing-right"
      >
        <p
          class="imagenes-marketing"
        >
          <img
            alt="Marketing"
            class="marketing-img"
            src="marketing1-mock-url"
          />
          <img
            alt="Marketing"
            class="marketing-img"
            src="marketing2-mock-url"
          />
          <img
            alt="Marketing"
            class="marketing-img"
            src="marketing3-mock-url"
          />
        </p>
        <div
          class="section"
        >
          <p>
            La 
            <strong>
              Agencia de Marketing y Publicidad Servitrasporte
            </strong>
             
            será fundamental para la estrategia comercial del grupo y las empresas que forman parte del holding. Sus actividades se alinearán con los cuatro ejes principales del grupo:
             
            <strong>
              salud, educación, vivienda y tecnología
            </strong>
            , contará con el apoyo de las universidades y el 
            <strong>
              SENA
            </strong>
             para reducir costos en el desarrollo de contenidos audiovisuales.
          </p>
          <p>
            La agencia implementará estrategias de
             
            <strong>
              neuromarketing
            </strong>
             y comunicación asertiva, aprovechando el 
            <strong>
              cerebro emocional
            </strong>
             en la toma de decisiones de compra. Contar historias visuales será una herramienta clave para comunicar más rápidamente que solo texto, con uniformidad en los colores y diseño de los productos y servicios del grupo, generando una percepción positiva entre los consumidores y operadores.
          </p>
          <br />
          <p>
            <strong>
              Desarrollo y Requisitos en Tecnología
            </strong>
          </p>
          <br />
          <p>
            La agencia de marketing también es de base tecnológica, implementando estrategias de onboarding digital para la captación de clientes y el desarrollo de contenidos y campañas publicitarias en línea. Esto permitirá optimizar la comercialización de los productos y servicios del grupo a través de plataformas digitales 
            <span
              class="texto-rojo"
            >
              SUMYT
            </span>
            .
          </p>
        </div>
      </div>
      <img
        alt="Logo Derecho"
        class="marketing-logo"
        src="grupo-mock-url"
      />
    </div>
  </div>
</body>
    at Object.getElementError (G:\programacion\proyecto-react\node_modules\@testing-library\dom\dist\config.js:37:19)
    at G:\programacion\proyecto-react\node_modules\@testing-library\dom\dist\query-helpers.js:76:38
    at G:\programacion\proyecto-react\node_modules\@testing-library\dom\dist\query-helpers.js:52:17
    at G:\programacion\proyecto-react\node_modules\@testing-library\dom\dist\query-helpers.js:95:19
    at Object.<anonymous> (G:\programacion\proyecto-react\src\pages\marketing\Marketing.test.tsx:71:19)
    at Promise.then.completed (G:\programacion\proyecto-react\node_modules\jest-circus\build\utils.js:298:28)
    at new Promise (<anonymous>)
    at callAsyncCircusFn (G:\programacion\proyecto-react\node_modules\jest-circus\build\utils.js:231:10)
    at _callCircusTest (G:\programacion\proyecto-react\node_modules\jest-circus\build\run.js:316:40)
    at processTicksAndRejections (node:internal/process/task_queues:105:5)
    at _runTest (G:\programacion\proyecto-react\node_modules\jest-circus\build\run.js:252:3)
    at _runTestsForDescribeBlock (G:\programacion\proyecto-react\node_modules\jest-circus\build\run.js:126:9)
    at _runTestsForDescribeBlock (G:\programacion\proyecto-react\node_modules\jest-circus\build\run.js:121:9)
    at run (G:\programacion\proyecto-react\node_modules\jest-circus\build\run.js:71:3)
    at runAndTransformResultsToJestFormat (G:\programacion\proyecto-react\node_modules\jest-circus\build\legacy-code-todo-rewrite\jestAdapterInit.js:122:21)
    at jestAdapter (G:\programacion\proyecto-react\node_modules\jest-circus\build\legacy-code-todo-rewrite\jestAdapter.js:79:19)
    at runTestInternal (G:\programacion\proyecto-react\node_modules\jest-runner\build\runTest.js:367:16)
    at runTest (G:\programacion\proyecto-react\node_modules\jest-runner\build\runTest.js:444:34)
    at Object.worker (G:\programacion\proyecto-react\node_modules\jest-runner\build\testWorker.js:106:12)]]></failure>
    </testCase>
    <testCase name="Marketing Component debería renderizar el logo del grupo con el ancho correcto" duration="10">
      <failure message="TestingLibraryElementError: Unable to find an element with the alt text: Logo Grupo Servitransporte"><![CDATA[TestingLibraryElementError: Unable to find an element with the alt text: Logo Grupo Servitransporte

Ignored nodes: comments, script, style
<body>
  <div>
    <div
      class="marketing-page"
    >
      <div
        class="marketing-left"
      >
        <h1>
          Agencia de Marketing y Publicidad 
        </h1>
        <h2>
          Servitrasporte S.A.S
        </h2>
      </div>
      <div
        class="marketing-right"
      >
        <p
          class="imagenes-marketing"
        >
          <img
            alt="Marketing"
            class="marketing-img"
            src="marketing1-mock-url"
          />
          <img
            alt="Marketing"
            class="marketing-img"
            src="marketing2-mock-url"
          />
          <img
            alt="Marketing"
            class="marketing-img"
            src="marketing3-mock-url"
          />
        </p>
        <div
          class="section"
        >
          <p>
            La 
            <strong>
              Agencia de Marketing y Publicidad Servitrasporte
            </strong>
             
            será fundamental para la estrategia comercial del grupo y las empresas que forman parte del holding. Sus actividades se alinearán con los cuatro ejes principales del grupo:
             
            <strong>
              salud, educación, vivienda y tecnología
            </strong>
            , contará con el apoyo de las universidades y el 
            <strong>
              SENA
            </strong>
             para reducir costos en el desarrollo de contenidos audiovisuales.
          </p>
          <p>
            La agencia implementará estrategias de
             
            <strong>
              neuromarketing
            </strong>
             y comunicación asertiva, aprovechando el 
            <strong>
              cerebro emocional
            </strong>
             en la toma de decisiones de compra. Contar historias visuales será una herramienta clave para comunicar más rápidamente que solo texto, con uniformidad en los colores y diseño de los productos y servicios del grupo, generando una percepción positiva entre los consumidores y operadores.
          </p>
          <br />
          <p>
            <strong>
              Desarrollo y Requisitos en Tecnología
            </strong>
          </p>
          <br />
          <p>
            La agencia de marketing también es de base tecnológica, implementando estrategias de onboarding digital para la captación de clientes y el desarrollo de contenidos y campañas publicitarias en línea. Esto permitirá optimizar la comercialización de los productos y servicios del grupo a través de plataformas digitales 
            <span
              class="texto-rojo"
            >
              SUMYT
            </span>
            .
          </p>
        </div>
      </div>
      <img
        alt="Logo Derecho"
        class="marketing-logo"
        src="grupo-mock-url"
      />
    </div>
  </div>
</body>
    at Object.getElementError (G:\programacion\proyecto-react\node_modules\@testing-library\dom\dist\config.js:37:19)
    at G:\programacion\proyecto-react\node_modules\@testing-library\dom\dist\query-helpers.js:76:38
    at G:\programacion\proyecto-react\node_modules\@testing-library\dom\dist\query-helpers.js:52:17
    at G:\programacion\proyecto-react\node_modules\@testing-library\dom\dist\query-helpers.js:95:19
    at Object.<anonymous> (G:\programacion\proyecto-react\src\pages\marketing\Marketing.test.tsx:77:30)
    at Promise.then.completed (G:\programacion\proyecto-react\node_modules\jest-circus\build\utils.js:298:28)
    at new Promise (<anonymous>)
    at callAsyncCircusFn (G:\programacion\proyecto-react\node_modules\jest-circus\build\utils.js:231:10)
    at _callCircusTest (G:\programacion\proyecto-react\node_modules\jest-circus\build\run.js:316:40)
    at processTicksAndRejections (node:internal/process/task_queues:105:5)
    at _runTest (G:\programacion\proyecto-react\node_modules\jest-circus\build\run.js:252:3)
    at _runTestsForDescribeBlock (G:\programacion\proyecto-react\node_modules\jest-circus\build\run.js:126:9)
    at _runTestsForDescribeBlock (G:\programacion\proyecto-react\node_modules\jest-circus\build\run.js:121:9)
    at run (G:\programacion\proyecto-react\node_modules\jest-circus\build\run.js:71:3)
    at runAndTransformResultsToJestFormat (G:\programacion\proyecto-react\node_modules\jest-circus\build\legacy-code-todo-rewrite\jestAdapterInit.js:122:21)
    at jestAdapter (G:\programacion\proyecto-react\node_modules\jest-circus\build\legacy-code-todo-rewrite\jestAdapter.js:79:19)
    at runTestInternal (G:\programacion\proyecto-react\node_modules\jest-runner\build\runTest.js:367:16)
    at runTest (G:\programacion\proyecto-react\node_modules\jest-runner\build\runTest.js:444:34)
    at Object.worker (G:\programacion\proyecto-react\node_modules\jest-runner\build\testWorker.js:106:12)]]></failure>
    </testCase>
  </file>
  <file path="G:\programacion\proyecto-react\src\components\Footer.test.tsx">
    <testCase name="Footer Component debería renderizar el botón de contacto inicialmente" duration="191"/>
    <testCase name="Footer Component debería abrir el modal al hacer clic en el botón de contacto" duration="51"/>
    <testCase name="Footer Component debería cerrar el modal al hacer clic en cancelar" duration="23"/>
    <testCase name="Footer Component debería mostrar error cuando el nombre es muy corto" duration="35"/>
    <testCase name="Footer Component debería mostrar error cuando el mensaje es muy corto" duration="28"/>
    <testCase name="Footer Component debería enviar el formulario exitosamente" duration="69">
      <failure message="Error: expect(jest.fn()).toHaveBeenCalledWith(...expected)"><![CDATA[Error: expect(jest.fn()).toHaveBeenCalledWith(...expected)

Expected: "https://gruposervitrasporte.com/sendmail.php", ObjectContaining {"body": Any<FormData>, "method": "POST"}
Received: "https://gruposervitrasporte.com/sendmail.php", {"body": {}, "headers": {"Content-Type": "application/x-www-form-urlencoded"}, "method": "POST"}

Number of calls: 1
    at Object.<anonymous> (G:\programacion\proyecto-react\src\components\Footer.test.tsx:118:19)]]></failure>
    </testCase>
    <testCase name="Footer Component debería mostrar error cuando el servidor falla" duration="56"/>
    <testCase name="Footer Component debería mostrar error de conexión cuando fetch falla" duration="32"/>
    <testCase name="Footer Component debería mostrar el copyright con el año actual" duration="5"/>
  </file>
  <file path="G:\programacion\proyecto-react\src\pages\innovacion\InnovacionTecnologia.test.tsx">
  </file>
  <file path="G:\programacion\proyecto-react\src\pages\somos\Somos.test.tsx">
    <testCase name="Somos Component debería renderizar el logo del grupo" duration="60"/>
    <testCase name="Somos Component debería renderizar la imagen hexagonal del equipo" duration="6"/>
    <testCase name="Somos Component debería renderizar el nombre de la empresa en negrita" duration="8"/>
    <testCase name="Somos Component debería renderizar el texto SUMYT en rojo" duration="4"/>
    <testCase name="Somos Component debería contener todos los párrafos de texto" duration="5"/>
  </file>
  <file path="G:\programacion\proyecto-react\src\components\Navbar.test.tsx">
    <testCase name="Navbar Component debería renderizar los logos principales" duration="62"/>
    <testCase name="Navbar Component debería renderizar los enlaces extra &quot;Quiénes somos&quot; e &quot;Historia&quot;" duration="14"/>
    <testCase name="Navbar Component debería abrir y cerrar el menú al hacer clic en el botón hamburguesa" duration="53"/>
    <testCase name="Navbar Component debería renderizar todos los elementos del menú" duration="16">
      <failure message="TestingLibraryElementError: Unable to find an element with the text: Fondos de Asociados. This could be because the text is broken up by multiple elements. In this case, you can provide a function for your text matcher to make your matcher more flexible."><![CDATA[TestingLibraryElementError: Unable to find an element with the text: Fondos de Asociados. This could be because the text is broken up by multiple elements. In this case, you can provide a function for your text matcher to make your matcher more flexible.

Ignored nodes: comments, script, style
<body>
  <div>
    <nav
      class="navbar"
    >
      <div
        class="navbar-top"
      >
        <div
          class="navbar-left"
        >
          <div
            class="navbar-logo"
          >
            <a
              class=""
              href="/"
            >
              <img
                alt="Grupo Servitransporte"
                src="grupo-mock-url"
              />
            </a>
          </div>
        </div>
        <button
          aria-label="menu"
          class="hamburger "
        >
          <span />
          <span />
          <span />
        </button>
        <div
          class="navbar-logo-right"
        >
          <a
            class=""
            href="/"
          >
            <img
              alt="SUMYT"
              src="sumyt-mock-url"
            />
          </a>
        </div>
      </div>
      <ul
        class="navbar-links "
      >
        <li>
          <a
            class=""
            href="/quienes-somos"
          >
            Quiénes somos
          </a>
        </li>
        <li>
          <a
            class=""
            href="/historia"
          >
            Historia
          </a>
        </li>
        <li>
          <a
            class=""
            href="/transporte"
          >
            Transporte
          </a>
        </li>
        <li>
          <a
            class=""
            href="/fondos"
          >
            Fondo de Asociados
          </a>
        </li>
        <li>
          <a
            class=""
            href="/seguros"
          >
            Corredor de Seguros
          </a>
        </li>
        <li>
          <a
            class=""
            href="/turistico"
          >
            Operador Turístico
          </a>
        </li>
        <li>
          <a
            class=""
            href="/constructora"
          >
            Constructora
          </a>
        </li>
        <li>
          <a
            class=""
            href="/marketing"
          >
            Marketing y Publicidad
          </a>
        </li>
        <li>
          <a
            class=""
            href="/juridicos"
          >
            Jurídicos y Financieros
          </a>
        </li>
        <li>
          <a
            class=""
            href="/innovacion"
          >
            Innovación y Tecnología
          </a>
        </li>
        <li>
          <a
            class=""
            href="/observatorio"
          >
            Observatorio
          </a>
        </li>
      </ul>
    </nav>
  </div>
</body>
    at Object.getElementError (G:\programacion\proyecto-react\node_modules\@testing-library\dom\dist\config.js:37:19)
    at G:\programacion\proyecto-react\node_modules\@testing-library\dom\dist\query-helpers.js:76:38
    at G:\programacion\proyecto-react\node_modules\@testing-library\dom\dist\query-helpers.js:52:17
    at G:\programacion\proyecto-react\node_modules\@testing-library\dom\dist\query-helpers.js:95:19
    at G:\programacion\proyecto-react\src\components\Navbar.test.tsx:85:21
    at Array.forEach (<anonymous>)
    at Object.<anonymous> (G:\programacion\proyecto-react\src\components\Navbar.test.tsx:84:15)
    at Promise.then.completed (G:\programacion\proyecto-react\node_modules\jest-circus\build\utils.js:298:28)
    at new Promise (<anonymous>)
    at callAsyncCircusFn (G:\programacion\proyecto-react\node_modules\jest-circus\build\utils.js:231:10)
    at _callCircusTest (G:\programacion\proyecto-react\node_modules\jest-circus\build\run.js:316:40)
    at processTicksAndRejections (node:internal/process/task_queues:105:5)
    at _runTest (G:\programacion\proyecto-react\node_modules\jest-circus\build\run.js:252:3)
    at _runTestsForDescribeBlock (G:\programacion\proyecto-react\node_modules\jest-circus\build\run.js:126:9)
    at _runTestsForDescribeBlock (G:\programacion\proyecto-react\node_modules\jest-circus\build\run.js:121:9)
    at run (G:\programacion\proyecto-react\node_modules\jest-circus\build\run.js:71:3)
    at runAndTransformResultsToJestFormat (G:\programacion\proyecto-react\node_modules\jest-circus\build\legacy-code-todo-rewrite\jestAdapterInit.js:122:21)
    at jestAdapter (G:\programacion\proyecto-react\node_modules\jest-circus\build\legacy-code-todo-rewrite\jestAdapter.js:79:19)
    at runTestInternal (G:\programacion\proyecto-react\node_modules\jest-runner\build\runTest.js:367:16)
    at runTest (G:\programacion\proyecto-react\node_modules\jest-runner\build\runTest.js:444:34)
    at Object.worker (G:\programacion\proyecto-react\node_modules\jest-runner\build\testWorker.js:106:12)]]></failure>
    </testCase>
    <testCase name="Navbar Component debería tener un enlace de descarga para &quot;Observatorio&quot;" duration="9">
      <failure message="Error: expect(element).toHaveAttribute(&quot;download&quot;, &quot;Cartas_Intencion_OSET.docx&quot;) // element.getAttribute(&quot;download&quot;) === &quot;Cartas_Intencion_OSET.docx&quot;"><![CDATA[Error: expect(element).toHaveAttribute("download", "Cartas_Intencion_OSET.docx") // element.getAttribute("download") === "Cartas_Intencion_OSET.docx"

Expected the element to have attribute:
  download="Cartas_Intencion_OSET.docx"
Received:
  null
    at Object.<anonymous> (G:\programacion\proyecto-react\src\components\Navbar.test.tsx:93:30)
    at Promise.then.completed (G:\programacion\proyecto-react\node_modules\jest-circus\build\utils.js:298:28)
    at new Promise (<anonymous>)
    at callAsyncCircusFn (G:\programacion\proyecto-react\node_modules\jest-circus\build\utils.js:231:10)
    at _callCircusTest (G:\programacion\proyecto-react\node_modules\jest-circus\build\run.js:316:40)
    at processTicksAndRejections (node:internal/process/task_queues:105:5)
    at _runTest (G:\programacion\proyecto-react\node_modules\jest-circus\build\run.js:252:3)
    at _runTestsForDescribeBlock (G:\programacion\proyecto-react\node_modules\jest-circus\build\run.js:126:9)
    at _runTestsForDescribeBlock (G:\programacion\proyecto-react\node_modules\jest-circus\build\run.js:121:9)
    at run (G:\programacion\proyecto-react\node_modules\jest-circus\build\run.js:71:3)
    at runAndTransformResultsToJestFormat (G:\programacion\proyecto-react\node_modules\jest-circus\build\legacy-code-todo-rewrite\jestAdapterInit.js:122:21)
    at jestAdapter (G:\programacion\proyecto-react\node_modules\jest-circus\build\legacy-code-todo-rewrite\jestAdapter.js:79:19)
    at runTestInternal (G:\programacion\proyecto-react\node_modules\jest-runner\build\runTest.js:367:16)
    at runTest (G:\programacion\proyecto-react\node_modules\jest-runner\build\runTest.js:444:34)
    at Object.worker (G:\programacion\proyecto-react\node_modules\jest-runner\build\testWorker.js:106:12)]]></failure>
    </testCase>
  </file>
  <file path="G:\programacion\proyecto-react\src\pages\fondo\FondoAsociados.test.js">
  </file>
  <file path="G:\programacion\proyecto-react\src\pages\turismo\Turismo.test.js">
  </file>
  <file path="G:\programacion\proyecto-react\src\pages\innovacion\InnovacionTecnologia.test.js">
  </file>
  <file path="G:\programacion\proyecto-react\src\pages\constructora\Construtora.test.js">
  </file>
  <file path="G:\programacion\proyecto-react\src\pages\history\History.test.js">
  </file>
  <file path="G:\programacion\proyecto-react\src\components\Navbar.test.js">
  </file>
  <file path="G:\programacion\proyecto-react\src\pages\seguros\Seguros.test.js">
  </file>
  <file path="G:\programacion\proyecto-react\src\pages\somos\Somos.test.js">
  </file>
  <file path="G:\programacion\proyecto-react\src\pages\juridicos\ServiciosJuridicos.test.js">
  </file>
  <file path="G:\programacion\proyecto-react\src\App.test.js">
  </file>
  <file path="G:\programacion\proyecto-react\src\App.test.tsx">
  </file>
  <file path="G:\programacion\proyecto-react\src\pages\history\History.test.tsx">
  </file>
</testExecutions>