<?xml version="1.0" encoding="UTF-8"?>
<testExecutions version="1">
  <file path="G:\programacion\proyecto-react\src\pages\turismo\Turismo.test.tsx">
    <testCase name="Turismo Component debería renderizar el subtítulo" duration="81"/>
    <testCase name="Turismo Component debería renderizar todas las imágenes de turismo" duration="29"/>
    <testCase name="Turismo Component debería renderizar el logo del grupo" duration="23"/>
    <testCase name="Turismo Component debería mencionar SUMYT en el texto" duration="13"/>
    <testCase name="Turismo Component debería tener la estructura de clases CSS correcta" duration="11"/>
    <testCase name="Turismo Component debería coincidir con el snapshot" duration="28"/>
    <testCase name="Turismo Component debería tener la estructura de dos columnas" duration="13"/>
  </file>
  <file path="G:\programacion\proyecto-react\src\pages\constructora\Constructora.test.tsx">
    <testCase name="Constructora Component debería renderizar el título principal" duration="99"/>
    <testCase name="Constructora Component debería renderizar el subtítulo" duration="11"/>
    <testCase name="Constructora Component debería renderizar todas las imágenes de construcción" duration="22"/>
    <testCase name="Constructora Component debería renderizar el logo del grupo" duration="10"/>
    <testCase name="Constructora Component debería mencionar SUMYT en el texto" duration="14"/>
    <testCase name="Constructora Component debería tener la estructura de clases CSS correcta" duration="27"/>
    <testCase name="Constructora Component debería coincidir con el snapshot" duration="14"/>
  </file>
  <file path="G:\programacion\proyecto-react\src\pages\transporte\Transporte.test.tsx">
    <testCase name="Transporte Component debería renderizar el título principal" duration="71"/>
    <testCase name="Transporte Component debería renderizar todas las imágenes de transporte" duration="131"/>
    <testCase name="Transporte Component debería renderizar el logo del grupo" duration="8"/>
    <testCase name="Transporte Component debería mencionar SUMYT en el texto" duration="10"/>
    <testCase name="Transporte Component debería contener la sección de objetivo inmediato" duration="25"/>
    <testCase name="Transporte Component debería tener la estructura de clases CSS correcta" duration="27"/>
    <testCase name="Transporte Component debería coincidir con el snapshot" duration="39"/>
    <testCase name="Transporte Component debería tener la estructura de dos columnas" duration="20"/>
  </file>
  <file path="G:\programacion\proyecto-react\src\pages\marketing\Marketing.test.tsx">
    <testCase name="Marketing Component debería renderizar el título principal" duration="113"/>
    <testCase name="Marketing Component debería renderizar el subtítulo" duration="33"/>
    <testCase name="Marketing Component debería renderizar todas las imágenes de marketing" duration="14"/>
    <testCase name="Marketing Component debería renderizar el logo del grupo" duration="10"/>
    <testCase name="Marketing Component debería mencionar SUMYT en el texto" duration="19"/>
    <testCase name="Marketing Component debería tener texto en negrita para énfasis" duration="25"/>
    <testCase name="Marketing Component debería tener la estructura de clases CSS correcta" duration="13"/>
    <testCase name="Marketing Component debería coincidir con el snapshot" duration="20"/>
    <testCase name="Marketing Component debería tener la estructura de dos columnas" duration="18"/>
  </file>
  <file path="G:\programacion\proyecto-react\src\pages\seguros\Seguros.test.tsx">
    <testCase name="Seguros Component debería renderizar el título principal" duration="119"/>
    <testCase name="Seguros Component debería renderizar todas las imágenes de seguros" duration="12"/>
    <testCase name="Seguros Component debería renderizar el logo del grupo" duration="8"/>
    <testCase name="Seguros Component debería mencionar Seguros del Estado" duration="28"/>
    <testCase name="Seguros Component debería mencionar Servitrasporte Ltda y Servitrasporte S.A.S" duration="29"/>
    <testCase name="Seguros Component debería mencionar los sectores atendidos" duration="7"/>
    <testCase name="Seguros Component debería mostrar la proyección de clientes" duration="19"/>
    <testCase name="Seguros Component debería mencionar SUMYT en el texto" duration="33"/>
    <testCase name="Seguros Component debería tener texto en negrita para énfasis" duration="59"/>
    <testCase name="Seguros Component debería tener la estructura de clases CSS correcta" duration="17"/>
    <testCase name="Seguros Component debería coincidir con el snapshot" duration="15"/>
    <testCase name="Seguros Component debería tener la estructura de dos columnas" duration="26"/>
  </file>
  <file path="G:\programacion\proyecto-react\src\pages\somos\Somos.test.tsx">
    <testCase name="Somos Component debería renderizar el logo del grupo" duration="81"/>
    <testCase name="Somos Component debería renderizar la imagen hexagonal del equipo" duration="21"/>
    <testCase name="Somos Component debería mencionar el nombre completo de la empresa" duration="59"/>
    <testCase name="Somos Component debería mencionar los modelos de negocio B2B y B2C" duration="33"/>
    <testCase name="Somos Component debería mencionar SUMYT y su significado" duration="24"/>
    <testCase name="Somos Component debería mencionar los cuatro pilares fundamentales" duration="7"/>
    <testCase name="Somos Component debería mencionar los objetivos de desarrollo sostenible" duration="16"/>
    <testCase name="Somos Component debería tener la estructura de clases CSS correcta" duration="18"/>
    <testCase name="Somos Component debería coincidir con el snapshot" duration="15"/>
    <testCase name="Somos Component debería tener la estructura de dos columnas" duration="10"/>
  </file>
  <file path="G:\programacion\proyecto-react\src\pages\history\History.test.tsx">
    <testCase name="History Component debería renderizar el título principal" duration="11"/>
    <testCase name="History Component debería renderizar ambos logos" duration="7"/>
    <testCase name="History Component debería renderizar todos los eventos de la línea de tiempo" duration="7"/>
    <testCase name="History Component debería renderizar el evento de 2018 correctamente" duration="39"/>
    <testCase name="History Component debería renderizar el evento de 2019 correctamente" duration="17"/>
    <testCase name="History Component debería renderizar el evento de 2021 correctamente" duration="14"/>
    <testCase name="History Component debería mostrar SUMYT en rojo en el evento presente" duration="14"/>
    <testCase name="History Component debería tener la estructura correcta de clases CSS" duration="8"/>
    <testCase name="History Component debería tener la estructura semántica correcta" duration="12"/>
    <testCase name="History Component debería coincidir con el snapshot" duration="26"/>
    <testCase name="History Component debería renderizar todos los años en orden" duration="13"/>
    <testCase name="History Component debería renderizar todos los subtítulos de eventos" duration="11"/>
  </file>
  <file path="G:\programacion\proyecto-react\src\pages\fondo\FondoAsociados.test.tsx">
    <testCase name="FondoAsociados Component debería renderizar el logo SUMYT en la sección izquierda" duration="81"/>
    <testCase name="FondoAsociados Component debería renderizar todas las imágenes de fondo" duration="13"/>
    <testCase name="FondoAsociados Component debería renderizar el logo del grupo en el footer" duration="10"/>
    <testCase name="FondoAsociados Component debería renderizar la lista de segmentos clave" duration="132"/>
    <testCase name="FondoAsociados Component debería mencionar SUMYT múltiples veces en el texto" duration="14"/>
    <testCase name="FondoAsociados Component debería tener texto en negrita para los títulos de sectores" duration="33"/>
    <testCase name="FondoAsociados Component debería tener la estructura de clases CSS correcta" duration="20"/>
    <testCase name="FondoAsociados Component debería coincidir con el snapshot" duration="28"/>
    <testCase name="FondoAsociados Component debería tener la estructura semántica correcta" duration="23"/>
  </file>
  <file path="G:\programacion\proyecto-react\src\pages\innovacion\InnovacionTecnologia.test.tsx">
    <testCase name="InnovacionTecnologia Component debería renderizar el título principal" duration="11"/>
    <testCase name="InnovacionTecnologia Component debería renderizar el subtítulo" duration="6"/>
    <testCase name="InnovacionTecnologia Component debería renderizar la imagen de innovación" duration="6"/>
    <testCase name="InnovacionTecnologia Component debería renderizar el logo del grupo" duration="34"/>
    <testCase name="InnovacionTecnologia Component debería mencionar SUMYT en el texto" duration="15"/>
    <testCase name="InnovacionTecnologia Component debería resaltar el porcentaje de desarrollo" duration="8"/>
    <testCase name="InnovacionTecnologia Component debería tener texto en negrita para énfasis" duration="13"/>
    <testCase name="InnovacionTecnologia Component debería tener la estructura de clases CSS correcta" duration="8"/>
    <testCase name="InnovacionTecnologia Component debería coincidir con el snapshot" duration="14"/>
    <testCase name="InnovacionTecnologia Component debería tener la estructura de dos columnas" duration="8"/>
  </file>
  <file path="G:\programacion\proyecto-react\src\pages\juridicos\ServiciosJuridicos.test.tsx">
    <testCase name="ServiciosJuridicos Component debería renderizar el título principal" duration="14"/>
    <testCase name="ServiciosJuridicos Component debería renderizar el subtítulo" duration="6"/>
    <testCase name="ServiciosJuridicos Component debería renderizar todas las imágenes jurídicas" duration="6"/>
    <testCase name="ServiciosJuridicos Component debería renderizar el logo del grupo" duration="6"/>
    <testCase name="ServiciosJuridicos Component debería mencionar la Constructora Servitrasporte" duration="8"/>
    <testCase name="ServiciosJuridicos Component debería mencionar SUMYT en el texto" duration="5"/>
    <testCase name="ServiciosJuridicos Component debería tener texto en negrita para énfasis" duration="17"/>
    <testCase name="ServiciosJuridicos Component debería tener la estructura de clases CSS correcta" duration="14"/>
    <testCase name="ServiciosJuridicos Component debería coincidir con el snapshot" duration="7"/>
    <testCase name="ServiciosJuridicos Component debería tener la estructura de dos columnas" duration="6"/>
  </file>
  <file path="G:\programacion\proyecto-react\src\pages\observatorio\Observatorio.test.tsx">
    <testCase name="Observatorio Component debería renderizar el título principal" duration="149"/>
    <testCase name="Observatorio Component debería renderizar las imágenes principales" duration="49"/>
    <testCase name="Observatorio Component debería mostrar los componentes del observatorio" duration="78"/>
    <testCase name="Observatorio Component debería mostrar la estructura organizacional" duration="54"/>
    <testCase name="Observatorio Component debería mostrar las consideraciones adicionales" duration="100"/>
    <testCase name="Observatorio Component debería mostrar el enlace de descarga del documento" duration="36"/>
    <testCase name="Observatorio Component debería tener texto en negrita para los títulos y énfasis" duration="62"/>
    <testCase name="Observatorio Component debería tener la estructura de clases CSS correcta" duration="29"/>
    <testCase name="Observatorio Component debería coincidir con el snapshot" duration="42"/>
    <testCase name="Observatorio Component debería mostrar subcomponentes de la plataforma tecnológica" duration="41"/>
    <testCase name="Observatorio Component debería mostrar los mecanismos de difusión" duration="38"/>
    <testCase name="Observatorio Component debería tener la estructura de dos columnas" duration="29"/>
  </file>
  <file path="G:\programacion\proyecto-react\src\components\Navbar.test.tsx">
    <testCase name="Navbar Component debería renderizar los logos correctamente" duration="53"/>
    <testCase name="Navbar Component debería renderizar el botón hamburguesa" duration="17"/>
    <testCase name="Navbar Component debería tener el menú cerrado inicialmente" duration="81"/>
    <testCase name="Navbar Component debería abrir y cerrar el menú al hacer clic en el botón hamburguesa" duration="167"/>
    <testCase name="Navbar Component debería renderizar todos los items del menú" duration="38"/>
    <testCase name="Navbar Component debería cerrar el menú al hacer clic en un enlace" duration="105"/>
    <testCase name="Navbar Component debería tener enlaces con las rutas correctas" duration="39"/>
    <testCase name="Navbar Component debería tener la estructura correcta con navbar-top y navbar-links" duration="7"/>
    <testCase name="Navbar Component debería tener los logos en las posiciones correctas (left y right)" duration="8"/>
    <testCase name="Navbar Component debería coincidir con el snapshot" duration="8"/>
  </file>
  <file path="G:\programacion\proyecto-react\src\App.test.tsx">
    <testCase name="App Component renders Navbar and Footer components" duration="58"/>
    <testCase name="App Component renders Home component on default route" duration="9"/>
    <testCase name="App Component renders correct components for different routes" duration="47"/>
    <testCase name="App Component has main element in the document" duration="33"/>
    <testCase name="App Component matches snapshot" duration="12"/>
  </file>
  <file path="G:\programacion\proyecto-react\src\components\Home.test.tsx">
    <testCase name="Home Component debería renderizar el título de presentaciones en video" duration="57"/>
    <testCase name="Home Component debería renderizar el título de presentaciones en imágenes" duration="10"/>
    <testCase name="Home Component debería renderizar el título de los 4 pilares fundamentales" duration="11"/>
    <testCase name="Home Component debería renderizar el título de alianzas" duration="11"/>
    <testCase name="Home Component debería renderizar los 4 pilares con sus labels" duration="14"/>
    <testCase name="Home Component debería renderizar todas las imágenes de los pilares" duration="12"/>
    <testCase name="Home Component debería renderizar todos los logos de alianzas" duration="8"/>
    <testCase name="Home Component debería cerrar el popup al hacer clic en el botón de cerrar" duration="140"/>
    <testCase name="Home Component debería cerrar el popup al hacer clic fuera del contenido" duration="128"/>
    <testCase name="Home Component debería renderizar los sliders de video e imágenes" duration="13"/>
    <testCase name="Home Component debería tener la estructura correcta de secciones" duration="8"/>
    <testCase name="Home Component debería prevenir la propagación al hacer clic dentro del popup" duration="116"/>
  </file>
  <file path="G:\programacion\proyecto-react\src\components\Footer.test.tsx">
    <testCase name="Footer Component debería renderizar el botón de contacto y el copyright" duration="76"/>
    <testCase name="Footer Component debería abrir el modal al hacer clic en el botón de contacto" duration="207"/>
    <testCase name="Footer Component debería cerrar el modal al hacer clic en cancelar" duration="160"/>
    <testCase name="Footer Component debería mostrar error por nombre muy corto" duration="1290"/>
    <testCase name="Footer Component debería mostrar error por mensaje muy corto" duration="771"/>
    <testCase name="Footer Component debería enviar el formulario exitosamente con datos válidos" duration="1535"/>
    <testCase name="Footer Component debería manejar errores del servidor" duration="1502"/>
    <testCase name="Footer Component debería sanitizar los inputs correctamente" duration="1159"/>
    <testCase name="Footer Component debería limpiar el estado al cerrar el modal" duration="409"/>
  </file>
</testExecutions>